Using pre-set license
Built from '2020.3/staging' branch; Version is '2020.3.35f1 (18e4db7a9996) revision 1631451'; Using compiler version '192528614'; Build Type 'Release'
OS: 'Windows 10  (10.0.19044) 64bit Core' Language: 'ja' Physical Memory: 16085 MB
BatchMode: 1, IsHumanControllingUs: 0, StartBugReporterOnCrash: 0, Is64bit: 1, IsPro: 0

COMMAND LINE ARGUMENTS:
C:\Program Files\Unity\Hub\Editor\2020.3.35f1\Editor\Unity.exe
-adb2
-batchMode
-noUpm
-name
AssetImportWorker0
-projectPath
C:/Users/takut/OneDrive/ドキュメント/KillerPlay
-logFile
Logs/AssetImportWorker0.log
-srvPort
60588
Successfully changed project path to: C:/Users/takut/OneDrive/ドキュメント/KillerPlay
C:/Users/takut/OneDrive/ドキュメント/KillerPlay
Using Asset Import Pipeline V2.
Refreshing native plugins compatible for Editor in 31.84 ms, found 2 plugins.
Preloading 0 native plugins for Editor in 0.00 ms.
Initialize engine version: 2020.3.35f1 (18e4db7a9996)
[Subsystems] Discovering subsystems at path C:/Program Files/Unity/Hub/Editor/2020.3.35f1/Editor/Data/Resources/UnitySubsystems
[Subsystems] Discovering subsystems at path C:/Users/takut/OneDrive/ドキュメント/KillerPlay/Assets
GfxDevice: creating device client; threaded=0
Direct3D:
    Version:  Direct3D 11.0 [level 11.1]
    Renderer: NVIDIA GeForce RTX 3070 Laptop GPU (ID=0x249d)
    Vendor:   
    VRAM:     8044 MB
    Driver:   30.0.14.9717
Initialize mono
Mono path[0] = 'C:/Program Files/Unity/Hub/Editor/2020.3.35f1/Editor/Data/Managed'
Mono path[1] = 'C:/Program Files/Unity/Hub/Editor/2020.3.35f1/Editor/Data/MonoBleedingEdge/lib/mono/unityjit'
Mono config path = 'C:/Program Files/Unity/Hub/Editor/2020.3.35f1/Editor/Data/MonoBleedingEdge/etc'
Using monoOptions --debugger-agent=transport=dt_socket,embedding=1,server=y,suspend=n,address=127.0.0.1:56552
Begin MonoManager ReloadAssembly
Registering precompiled unity dll's ...
Register platform support module: C:/Program Files/Unity/Hub/Editor/2020.3.35f1/Editor/Data/PlaybackEngines/WindowsStandaloneSupport/UnityEditor.WindowsStandalone.Extensions.dll
Registered in 0.001128 seconds.
Native extension for WindowsStandalone target not found
Refreshing native plugins compatible for Editor in 30.71 ms, found 2 plugins.
Preloading 0 native plugins for Editor in 0.00 ms.
Mono: successfully reloaded assembly
- Completed reload, in  0.430 seconds
Domain Reload Profiling:
	ReloadAssembly (430ms)
		BeginReloadAssembly (46ms)
			ExecutionOrderSort (0ms)
			DisableScriptedObjects (0ms)
			BackupInstance (0ms)
			ReleaseScriptingObjects (0ms)
			CreateAndSetChildDomain (1ms)
		EndReloadAssembly (330ms)
			LoadAssemblies (46ms)
			RebuildTransferFunctionScriptingTraits (0ms)
			SetupTypeCache (111ms)
			ReleaseScriptCaches (0ms)
			RebuildScriptCaches (20ms)
			SetupLoadedEditorAssemblies (123ms)
				LogAssemblyErrors (0ms)
				InitializePlatformSupportModulesInManaged (3ms)
				SetLoadedEditorAssemblies (0ms)
				RefreshPlugins (31ms)
				BeforeProcessingInitializeOnLoad (12ms)
				ProcessInitializeOnLoadAttributes (57ms)
				ProcessInitializeOnLoadMethodAttributes (21ms)
				AfterProcessingInitializeOnLoad (0ms)
				EditorAssembliesLoaded (0ms)
			ExecutionOrderSort2 (0ms)
			AwakeInstancesAfterBackupRestoration (0ms)
Platform modules already initialized, skipping
Registering precompiled user dll's ...
Registered in 0.004667 seconds.
Begin MonoManager ReloadAssembly
Native extension for WindowsStandalone target not found
Refreshing native plugins compatible for Editor in 0.42 ms, found 2 plugins.
Preloading 0 native plugins for Editor in 0.00 ms.
Mono: successfully reloaded assembly
- Completed reload, in  0.804 seconds
Domain Reload Profiling:
	ReloadAssembly (805ms)
		BeginReloadAssembly (103ms)
			ExecutionOrderSort (0ms)
			DisableScriptedObjects (3ms)
			BackupInstance (0ms)
			ReleaseScriptingObjects (0ms)
			CreateAndSetChildDomain (15ms)
		EndReloadAssembly (658ms)
			LoadAssemblies (69ms)
			RebuildTransferFunctionScriptingTraits (0ms)
			SetupTypeCache (203ms)
			ReleaseScriptCaches (0ms)
			RebuildScriptCaches (35ms)
			SetupLoadedEditorAssemblies (293ms)
				LogAssemblyErrors (0ms)
				InitializePlatformSupportModulesInManaged (3ms)
				SetLoadedEditorAssemblies (0ms)
				RefreshPlugins (0ms)
				BeforeProcessingInitializeOnLoad (61ms)
				ProcessInitializeOnLoadAttributes (212ms)
				ProcessInitializeOnLoadMethodAttributes (11ms)
				AfterProcessingInitializeOnLoad (5ms)
				EditorAssembliesLoaded (0ms)
			ExecutionOrderSort2 (0ms)
			AwakeInstancesAfterBackupRestoration (1ms)
Platform modules already initialized, skipping
========================================================================
Worker process is ready to serve import requests
Launched and connected shader compiler UnityShaderCompiler.exe after 0.03 seconds
Refreshing native plugins compatible for Editor in 0.42 ms, found 2 plugins.
Preloading 0 native plugins for Editor in 0.00 ms.
Unloading 1808 Unused Serialized files (Serialized files now loaded: 0)
System memory in use before: 87.7 MB.
System memory in use after: 87.4 MB.

Unloading 32 unused Assets to reduce memory usage. Loaded Objects now: 2247.
Total: 2.311900 ms (FindLiveObjects: 0.100000 ms CreateObjectMapping: 0.030000 ms MarkObjects: 1.942400 ms  DeleteObjects: 0.238700 ms)

AssetImportParameters requested are different than current active one (requested -> active):
  requireTextureImportCompression: false -> true
  custom:framework-win-MediaFoundation: 216162199b28c13a410421893ffa2e32 -> 
  custom:video-decoder-ogg-theora: a1e56fd34408186e4bbccfd4996cb3dc -> 
  custom:container-muxer-webm: aa71ff27fc2769a1b78a27578f13a17b -> 
  custom:container-demuxer-webm: 4f35f7cbe854078d1ac9338744f61a02 -> 
  custom:container-demuxer-ogg: 62fdf1f143b41e24485cea50d1cbac27 -> 
  custom:video-encoder-webm-vp8: eb34c28f22e8b96e1ab97ce403110664 -> 
  custom:video-decoder-webm-vp8: 9c59270c3fd7afecdb556c50c9e8de78 -> 
  custom:audio-decoder-ogg-vorbis: bf7c407c2cedff20999df2af8eb42d56 -> 
  custom:audio-encoder-webm-vorbis: bf7c407c2cedff20999df2af8eb42d56 -> 
========================================================================
Received Import Request.
  path: Assets/Strix/Plugins
  artifactKey: Guid(de0bceda0f802874e9afa8872bc86902) Importer(815301076,1909f56bfc062723c751e8b465ee728b)
Start importing Assets/Strix/Plugins using Guid(de0bceda0f802874e9afa8872bc86902) Importer(815301076,1909f56bfc062723c751e8b465ee728b)  -> (artifact id: 'be729b7996f29801f58bf55dd4b11bd7') in 0.007062 seconds 
========================================================================
Received Import Request.
  Time since last request: 3.288245 seconds.
  path: Assets/Strix/Editor
  artifactKey: Guid(da31121c6eb95134faaedc5a4b283345) Importer(815301076,1909f56bfc062723c751e8b465ee728b)
Start importing Assets/Strix/Editor using Guid(da31121c6eb95134faaedc5a4b283345) Importer(815301076,1909f56bfc062723c751e8b465ee728b)  -> (artifact id: '490792bfbd61d68bbaa436cfed442dc8') in 0.005076 seconds 
========================================================================
Received Import Request.
  Time since last request: 2.774255 seconds.
  path: Assets/Strix/GUI
  artifactKey: Guid(9202e4a753306be418f032cfef0dcd33) Importer(815301076,1909f56bfc062723c751e8b465ee728b)
Start importing Assets/Strix/GUI using Guid(9202e4a753306be418f032cfef0dcd33) Importer(815301076,1909f56bfc062723c751e8b465ee728b)  -> (artifact id: 'de7653e1faf0b9496540ae09b41d9330') in 0.015015 seconds 
========================================================================
Received Import Request.
  Time since last request: 0.040722 seconds.
  path: Assets/Strix/GUI/StrixConnectUI.prefab
  artifactKey: Guid(4743cdac02f4447409af6b84bc8ffcfe) Importer(815301076,1909f56bfc062723c751e8b465ee728b)
Start importing Assets/Strix/GUI/StrixConnectUI.prefab using Guid(4743cdac02f4447409af6b84bc8ffcfe) Importer(815301076,1909f56bfc062723c751e8b465ee728b)  -> (artifact id: '15a549361dcbbaeb54363f40433f5bad') in 0.053357 seconds 
========================================================================
Received Import Request.
  Time since last request: 0.000297 seconds.
  path: Assets/Strix/GUI/StrixRoomListUI.prefab
  artifactKey: Guid(6b094a67f0a4fc6409f55613a647b755) Importer(815301076,1909f56bfc062723c751e8b465ee728b)
Start importing Assets/Strix/GUI/StrixRoomListUI.prefab using Guid(6b094a67f0a4fc6409f55613a647b755) Importer(815301076,1909f56bfc062723c751e8b465ee728b)  -> (artifact id: '1f7040f1db9e9b28e876a8102df5f683') in 0.008860 seconds 
========================================================================
Received Import Request.
  Time since last request: 0.000174 seconds.
  path: Assets/Strix/GUI/StrixDebugRoomInfoUI.prefab
  artifactKey: Guid(6e9eb2d8a1f1618449e8c178d1e6b0a7) Importer(815301076,1909f56bfc062723c751e8b465ee728b)
Start importing Assets/Strix/GUI/StrixDebugRoomInfoUI.prefab using Guid(6e9eb2d8a1f1618449e8c178d1e6b0a7) Importer(815301076,1909f56bfc062723c751e8b465ee728b)  -> (artifact id: 'd985da62fd0ffbd88ba82685122167b2') in 0.007634 seconds 
========================================================================
Received Import Request.
  Time since last request: 0.000152 seconds.
  path: Assets/Strix/GUI/StrixRoomListItem.prefab
  artifactKey: Guid(9b46a3e6ac20b184694f4391ccb4de2c) Importer(815301076,1909f56bfc062723c751e8b465ee728b)
Start importing Assets/Strix/GUI/StrixRoomListItem.prefab using Guid(9b46a3e6ac20b184694f4391ccb4de2c) Importer(815301076,1909f56bfc062723c751e8b465ee728b)  -> (artifact id: 'f3e46b9bbf2bb80839a1f3fb909ea5b9') in 0.006467 seconds 
========================================================================
Received Import Request.
  Time since last request: 3.241817 seconds.
  path: Assets/Strix/GUI/Scripts
  artifactKey: Guid(06863ff85c5935041bfc5f228b3257e0) Importer(815301076,1909f56bfc062723c751e8b465ee728b)
Start importing Assets/Strix/GUI/Scripts using Guid(06863ff85c5935041bfc5f228b3257e0) Importer(815301076,1909f56bfc062723c751e8b465ee728b)  -> (artifact id: 'a99ee2cbeaa01d7dcb73dd500b23a17d') in 0.005201 seconds 
========================================================================
Received Import Request.
  Time since last request: 3.169109 seconds.
  path: Assets/Strix/Scripts
  artifactKey: Guid(e2be1aeae0940bc428e04d1e4feac64c) Importer(815301076,1909f56bfc062723c751e8b465ee728b)
Start importing Assets/Strix/Scripts using Guid(e2be1aeae0940bc428e04d1e4feac64c) Importer(815301076,1909f56bfc062723c751e8b465ee728b)  -> (artifact id: '38dbb5f49af844620be985b6e3a09e2f') in 0.012357 seconds 
========================================================================
Received Import Request.
  Time since last request: 1.054295 seconds.
  path: Assets/Strix/Scripts/StrixEnterRoom.cs
  artifactKey: Guid(7f41b411f53b2994789ab1460c609545) Importer(815301076,1909f56bfc062723c751e8b465ee728b)
Start importing Assets/Strix/Scripts/StrixEnterRoom.cs using Guid(7f41b411f53b2994789ab1460c609545) Importer(815301076,1909f56bfc062723c751e8b465ee728b)  -> (artifact id: '5ffa778a9696c7253eb944fb95a9a201') in 0.012667 seconds 
========================================================================
Received Import Request.
  Time since last request: 11.717848 seconds.
  path: Assets/Strix/Plugins/strix-net-csharp.dll
  artifactKey: Guid(9f447686f1cb5d7469bd626e822b8678) Importer(815301076,1909f56bfc062723c751e8b465ee728b)
Start importing Assets/Strix/Plugins/strix-net-csharp.dll using Guid(9f447686f1cb5d7469bd626e822b8678) Importer(815301076,1909f56bfc062723c751e8b465ee728b)  -> (artifact id: '80251fad41bfcd9e8335c37cd176a071') in 0.015568 seconds 
========================================================================
Received Import Request.
  Time since last request: 1.802747 seconds.
  path: Assets/Strix/Plugins/strix-client-csharp-room.dll
  artifactKey: Guid(c762ddac78a68b84e8e42187d811e8ea) Importer(815301076,1909f56bfc062723c751e8b465ee728b)
Start importing Assets/Strix/Plugins/strix-client-csharp-room.dll using Guid(c762ddac78a68b84e8e42187d811e8ea) Importer(815301076,1909f56bfc062723c751e8b465ee728b)  -> (artifact id: 'ebff4d6624ff979ef0210080cdf91c5c') in 0.016116 seconds 
========================================================================
Received Import Request.
  Time since last request: 1.627120 seconds.
  path: Assets/Strix/Plugins/strix-client-csharp-replica.dll
  artifactKey: Guid(72964be34ea56ee418214b1e6cc9db55) Importer(815301076,1909f56bfc062723c751e8b465ee728b)
Start importing Assets/Strix/Plugins/strix-client-csharp-replica.dll using Guid(72964be34ea56ee418214b1e6cc9db55) Importer(815301076,1909f56bfc062723c751e8b465ee728b)  -> (artifact id: 'e12ed00b5550e8a6b57433834aa130b2') in 0.004689 seconds 
========================================================================
Received Import Request.
  Time since last request: 0.920742 seconds.
  path: Assets/Strix/Plugins/strix-client-csharp-node.dll
  artifactKey: Guid(84212cee4b4d2254a9913b6c5908ac25) Importer(815301076,1909f56bfc062723c751e8b465ee728b)
Start importing Assets/Strix/Plugins/strix-client-csharp-node.dll using Guid(84212cee4b4d2254a9913b6c5908ac25) Importer(815301076,1909f56bfc062723c751e8b465ee728b)  -> (artifact id: '920902aa299497d33e51577157c7fa99') in 0.004758 seconds 
========================================================================
Received Import Request.
  Time since last request: 0.453488 seconds.
  path: Assets/Strix/Plugins/strix-client-csharp-match.xml
  artifactKey: Guid(bc8e3db544b2fed48aa604de7ddcd143) Importer(815301076,1909f56bfc062723c751e8b465ee728b)
Start importing Assets/Strix/Plugins/strix-client-csharp-match.xml using Guid(bc8e3db544b2fed48aa604de7ddcd143) Importer(815301076,1909f56bfc062723c751e8b465ee728b)  -> (artifact id: '253d5c29bc5d42919fc2a169385e138c') in 0.010270 seconds 
========================================================================
Received Import Request.
  Time since last request: 1.404751 seconds.
  path: Assets/Strix/Plugins/strix-client-csharp-ingame.xml
  artifactKey: Guid(0417bb61dba474c4998968e10bcb32c2) Importer(815301076,1909f56bfc062723c751e8b465ee728b)
Start importing Assets/Strix/Plugins/strix-client-csharp-ingame.xml using Guid(0417bb61dba474c4998968e10bcb32c2) Importer(815301076,1909f56bfc062723c751e8b465ee728b)  -> (artifact id: 'bc035cfbc37113f2ad4f93f8f2a3e448') in 0.009124 seconds 
========================================================================
Received Import Request.
  Time since last request: 0.994678 seconds.
  path: Assets/Strix/Plugins/strix-client-csharp-core.xml
  artifactKey: Guid(fffd43c4a9eabff4bb85e8905f57bab5) Importer(815301076,1909f56bfc062723c751e8b465ee728b)
Start importing Assets/Strix/Plugins/strix-client-csharp-core.xml using Guid(fffd43c4a9eabff4bb85e8905f57bab5) Importer(815301076,1909f56bfc062723c751e8b465ee728b)  -> (artifact id: '01942ace48df432227234d0a45f07677') in 0.007182 seconds 
========================================================================
Received Import Request.
  Time since last request: 2.455611 seconds.
  path: Assets/Strix/Plugins/WebGL
  artifactKey: Guid(eb4eb4f42ea1bf44e81353a627388a56) Importer(815301076,1909f56bfc062723c751e8b465ee728b)
Start importing Assets/Strix/Plugins/WebGL using Guid(eb4eb4f42ea1bf44e81353a627388a56) Importer(815301076,1909f56bfc062723c751e8b465ee728b)  -> (artifact id: '8d1a89423e48f48efec4d39048b4fe06') in 0.015369 seconds 
========================================================================
Received Import Request.
  Time since last request: 1.294545 seconds.
  path: Assets/Strix/Plugins/WebGL/NonWebGL
  artifactKey: Guid(dbe53245fd4d9a846b32f7d8ee09681f) Importer(815301076,1909f56bfc062723c751e8b465ee728b)
Start importing Assets/Strix/Plugins/WebGL/NonWebGL using Guid(dbe53245fd4d9a846b32f7d8ee09681f) Importer(815301076,1909f56bfc062723c751e8b465ee728b)  -> (artifact id: '57dadb23418b42b11c2d8544f76ddfd1') in 0.004837 seconds 
========================================================================
Received Import Request.
  Time since last request: 1.508557 seconds.
  path: Assets/Strix/Plugins/WebGL/NonWebGL/StrixUnityRuntimeWebGL.dll
  artifactKey: Guid(d09e7a2111c8cfa40acc4149cf2cc027) Importer(815301076,1909f56bfc062723c751e8b465ee728b)
Start importing Assets/Strix/Plugins/WebGL/NonWebGL/StrixUnityRuntimeWebGL.dll using Guid(d09e7a2111c8cfa40acc4149cf2cc027) Importer(815301076,1909f56bfc062723c751e8b465ee728b)  -> (artifact id: 'e646b1022894fcf9299374e401062e5f') in 0.005204 seconds 
========================================================================
Received Prepare
Registering precompiled user dll's ...
Registered in 0.003949 seconds.
Begin MonoManager ReloadAssembly
Native extension for WindowsStandalone target not found
Refreshing native plugins compatible for Editor in 0.58 ms, found 2 plugins.
Preloading 0 native plugins for Editor in 0.00 ms.
Mono: successfully reloaded assembly
- Completed reload, in  0.821 seconds
Domain Reload Profiling:
	ReloadAssembly (822ms)
		BeginReloadAssembly (88ms)
			ExecutionOrderSort (0ms)
			DisableScriptedObjects (3ms)
			BackupInstance (0ms)
			ReleaseScriptingObjects (0ms)
			CreateAndSetChildDomain (30ms)
		EndReloadAssembly (691ms)
			LoadAssemblies (66ms)
			RebuildTransferFunctionScriptingTraits (0ms)
			SetupTypeCache (206ms)
			ReleaseScriptCaches (1ms)
			RebuildScriptCaches (28ms)
			SetupLoadedEditorAssemblies (332ms)
				LogAssemblyErrors (0ms)
				InitializePlatformSupportModulesInManaged (3ms)
				SetLoadedEditorAssemblies (1ms)
				RefreshPlugins (1ms)
				BeforeProcessingInitializeOnLoad (51ms)
				ProcessInitializeOnLoadAttributes (265ms)
				ProcessInitializeOnLoadMethodAttributes (8ms)
				AfterProcessingInitializeOnLoad (4ms)
				EditorAssembliesLoaded (0ms)
			ExecutionOrderSort2 (0ms)
			AwakeInstancesAfterBackupRestoration (1ms)
Platform modules already initialized, skipping
Refreshing native plugins compatible for Editor in 0.44 ms, found 2 plugins.
Preloading 0 native plugins for Editor in 0.00 ms.
Unloading 1783 Unused Serialized files (Serialized files now loaded: 0)
System memory in use before: 89.4 MB.
System memory in use after: 89.2 MB.

Unloading 30 unused Assets to reduce memory usage. Loaded Objects now: 2253.
Total: 2.235400 ms (FindLiveObjects: 0.101100 ms CreateObjectMapping: 0.033100 ms MarkObjects: 1.867500 ms  DeleteObjects: 0.233100 ms)

AssetImportParameters requested are different than current active one (requested -> active):
  requireTextureImportCompression: false -> true
  custom:framework-win-MediaFoundation: 216162199b28c13a410421893ffa2e32 -> 
  custom:video-decoder-ogg-theora: a1e56fd34408186e4bbccfd4996cb3dc -> 
  custom:container-muxer-webm: aa71ff27fc2769a1b78a27578f13a17b -> 
  custom:container-demuxer-webm: 4f35f7cbe854078d1ac9338744f61a02 -> 
  custom:container-demuxer-ogg: 62fdf1f143b41e24485cea50d1cbac27 -> 
  custom:video-encoder-webm-vp8: eb34c28f22e8b96e1ab97ce403110664 -> 
  custom:video-decoder-webm-vp8: 9c59270c3fd7afecdb556c50c9e8de78 -> 
  custom:audio-decoder-ogg-vorbis: bf7c407c2cedff20999df2af8eb42d56 -> 
  custom:audio-encoder-webm-vorbis: bf7c407c2cedff20999df2af8eb42d56 -> 
========================================================================
Received Prepare
Registering precompiled user dll's ...
Registered in 0.004746 seconds.
Begin MonoManager ReloadAssembly
Native extension for WindowsStandalone target not found
Refreshing native plugins compatible for Editor in 0.46 ms, found 2 plugins.
Preloading 0 native plugins for Editor in 0.00 ms.
Mono: successfully reloaded assembly
- Completed reload, in  0.808 seconds
Domain Reload Profiling:
	ReloadAssembly (808ms)
		BeginReloadAssembly (87ms)
			ExecutionOrderSort (0ms)
			DisableScriptedObjects (3ms)
			BackupInstance (0ms)
			ReleaseScriptingObjects (0ms)
			CreateAndSetChildDomain (29ms)
		EndReloadAssembly (681ms)
			LoadAssemblies (68ms)
			RebuildTransferFunctionScriptingTraits (0ms)
			SetupTypeCache (184ms)
			ReleaseScriptCaches (1ms)
			RebuildScriptCaches (29ms)
			SetupLoadedEditorAssemblies (349ms)
				LogAssemblyErrors (0ms)
				InitializePlatformSupportModulesInManaged (3ms)
				SetLoadedEditorAssemblies (0ms)
				RefreshPlugins (0ms)
				BeforeProcessingInitializeOnLoad (50ms)
				ProcessInitializeOnLoadAttributes (283ms)
				ProcessInitializeOnLoadMethodAttributes (8ms)
				AfterProcessingInitializeOnLoad (4ms)
				EditorAssembliesLoaded (0ms)
			ExecutionOrderSort2 (0ms)
			AwakeInstancesAfterBackupRestoration (1ms)
Platform modules already initialized, skipping
Refreshing native plugins compatible for Editor in 0.46 ms, found 2 plugins.
Preloading 0 native plugins for Editor in 0.00 ms.
Unloading 1782 Unused Serialized files (Serialized files now loaded: 0)
System memory in use before: 89.4 MB.
System memory in use after: 89.1 MB.

Unloading 27 unused Assets to reduce memory usage. Loaded Objects now: 2256.
Total: 2.323700 ms (FindLiveObjects: 0.103500 ms CreateObjectMapping: 0.028800 ms MarkObjects: 1.965000 ms  DeleteObjects: 0.225600 ms)

AssetImportParameters requested are different than current active one (requested -> active):
  requireTextureImportCompression: false -> true
  custom:framework-win-MediaFoundation: 216162199b28c13a410421893ffa2e32 -> 
  custom:video-decoder-ogg-theora: a1e56fd34408186e4bbccfd4996cb3dc -> 
  custom:container-muxer-webm: aa71ff27fc2769a1b78a27578f13a17b -> 
  custom:container-demuxer-webm: 4f35f7cbe854078d1ac9338744f61a02 -> 
  custom:container-demuxer-ogg: 62fdf1f143b41e24485cea50d1cbac27 -> 
  custom:video-encoder-webm-vp8: eb34c28f22e8b96e1ab97ce403110664 -> 
  custom:video-decoder-webm-vp8: 9c59270c3fd7afecdb556c50c9e8de78 -> 
  custom:audio-decoder-ogg-vorbis: bf7c407c2cedff20999df2af8eb42d56 -> 
  custom:audio-encoder-webm-vorbis: bf7c407c2cedff20999df2af8eb42d56 -> 
AssetImportWorkerClient::OnTransportError - code=2 error=End of file
